Exporter version: 2.93.4, Blender version: 2.93.5
========= Conversion from Blender to Babylon.js =========
	Scene settings used :
		Inline textures     :  false
		Material Type       :  PBR
		Positions Precision :  4
		Normals Precision   :  3
		UVs Precision       :  3
		Vert Color Precision:  3
		Mat Weight Precision:  2
		Keep Z-up r-handed  :  no
		Texture directory   :  /Users/jenjao/Desktop/PainScan/Blender/bab/babylon/model/
	Python World class constructor completed
	processing begun of camera (UniversalCamera):  Camera
	processing begun of mesh:  SMPL-mesh-male_SMPL-shapes-male
		processing begun of material:  sample
		processing begun of material:  sample
			processing texture texture
				texture type:  diffuseTexture, mapped using: "UVMap"
		registered as also a user of material:  sample
		processing begun of multimaterial:  model.Multimaterial#0
		Custom split normals with tangents being used
		num positions      :  8903
		num normals        :  8903
		num tangents       :  35612
		num uvs            :  17806
		num uvs2           :  0
		num colors         :  0
		num triangles      :  13776
	processing begun of light (POINT):  Light
========= Writing of JSON file started =========
	writing mesh:  SMPL-mesh-male_SMPL-shapes-male
========= Writing of JSON file completed =========
========= end of processing =========
elapsed time:  0 min, 0.4758 secs
